[WARN ]2023-12-1523:51:52.767[main]utilities.LoggerLoad1)-Warning - Status of login page Please fill out this field.
[WARN ]2023-12-1523:51:53.155[main]utilities.LoggerLoad1)-Warning - Status of login page Please fill out this field.
[WARN ]2023-12-1523:51:53.912[main]utilities.LoggerLoad1)-Warning - Status of login page Please fill out this field.
[WARN ]2023-12-1523:51:54.712[main]utilities.LoggerLoad1)-Warning - Status of login page Please fill out this field.
[WARN ]2023-12-1523:51:55.552[main]utilities.LoggerLoad1)-Warning - Status of login page null
[INFO ]2023-12-1523:51:55.552[main]utilities.LoggerLoad1)-info - user logged in successfully
[INFO ]2023-12-1523:51:55.824[main]utilities.LoggerLoad1)-info - user signed out successfully
[WARN ]2023-12-1523:59:43.418[main]utilities.LoggerLoad1)-Warning - Status of login page Please fill out this field.
[WARN ]2023-12-1523:59:44.045[main]utilities.LoggerLoad1)-Warning - Status of login page Please fill out this field.
[WARN ]2023-12-1523:59:44.861[main]utilities.LoggerLoad1)-Warning - Status of login page Please fill out this field.
[WARN ]2023-12-1523:59:45.790[main]utilities.LoggerLoad1)-Warning - Status of login page Please fill out this field.
[WARN ]2023-12-1523:59:46.849[main]utilities.LoggerLoad1)-Warning - Status of login page null
[INFO ]2023-12-1600:06:23.531[main]utilities.LoggerLoad1)-info - Status of login page Please fill out this field.
[WARN ]2023-12-1600:06:23.580[main]utilities.LoggerLoad1)-Warning - Status of login page Please fill out this field.
[INFO ]2023-12-1600:06:23.977[main]utilities.LoggerLoad1)-info - Status of login page Please fill out this field.
[WARN ]2023-12-1600:06:24.004[main]utilities.LoggerLoad1)-Warning - Status of login page Please fill out this field.
[INFO ]2023-12-1600:06:24.697[main]utilities.LoggerLoad1)-info - Status of login page Invalid Username and Password
[WARN ]2023-12-1600:06:24.735[main]utilities.LoggerLoad1)-Warning - Status of login page Please fill out this field.
[INFO ]2023-12-1600:06:25.491[main]utilities.LoggerLoad1)-info - Status of login page Invalid Username and Password
[WARN ]2023-12-1600:06:25.561[main]utilities.LoggerLoad1)-Warning - Status of login page Please fill out this field.
[INFO ]2023-12-1600:06:26.459[main]utilities.LoggerLoad1)-info - Status of login page success
[WARN ]2023-12-1600:06:26.630[main]utilities.LoggerLoad1)-Warning - Status of login page null
[INFO ]2023-12-1600:08:39.003[main]utilities.LoggerLoad1)-info - Status of login page success
[WARN ]2023-12-1600:08:39.089[main]utilities.LoggerLoad1)-Warning - Status of login page null
[INFO ]2023-12-1600:12:41.034[main]utilities.LoggerLoad1)-info - Status of login page success
[WARN ]2023-12-1600:12:41.121[main]utilities.LoggerLoad1)-Warning - Status of login page null
[WARN ]2023-12-1600:15:11.241[main]utilities.LoggerLoad1)-Warning - Status of login page Please fill out this field.
[INFO ]2023-12-1600:15:11.269[main]utilities.LoggerLoad1)-info - user logged in successfully
[WARN ]2023-12-1600:15:41.998[main]utilities.LoggerLoad1)-Warning - Status of login page Please fill out this field.
[WARN ]2023-12-1600:15:42.443[main]utilities.LoggerLoad1)-Warning - Status of login page Please fill out this field.
[WARN ]2023-12-1600:15:43.291[main]utilities.LoggerLoad1)-Warning - Status of login page Please fill out this field.
[WARN ]2023-12-1600:15:44.004[main]utilities.LoggerLoad1)-Warning - Status of login page Please fill out this field.
[WARN ]2023-12-1600:15:44.784[main]utilities.LoggerLoad1)-Warning - Status of login page null
[INFO ]2023-12-1600:15:44.787[main]utilities.LoggerLoad1)-info - user logged in successfully
[INFO ]2023-12-1600:15:45.428[main]utilities.LoggerLoad1)-info - user signed out successfully
[WARN ]2023-12-1600:18:01.348[main]utilities.LoggerLoad1)-Warning - Status of login page Please fill out this field.
[WARN ]2023-12-1600:18:01.352[main]utilities.LoggerLoad1)-Warning - Status of login page Please fill out this field.
[WARN ]2023-12-1600:18:32.092[main]utilities.LoggerLoad1)-Warning - Status of login page Please fill out this field.
[WARN ]2023-12-1600:18:32.092[main]utilities.LoggerLoad1)-Warning - Status of login page Please fill out this field.
[WARN ]2023-12-1600:19:02.823[main]utilities.LoggerLoad1)-Warning - Status of login page Please fill out this field.
[WARN ]2023-12-1600:19:02.824[main]utilities.LoggerLoad1)-Warning - Status of login page Invalid Username and Password
[WARN ]2023-12-1600:19:03.614[main]utilities.LoggerLoad1)-Warning - Status of login page Please fill out this field.
[WARN ]2023-12-1600:19:03.615[main]utilities.LoggerLoad1)-Warning - Status of login page Invalid Username and Password
[WARN ]2023-12-1600:19:04.492[main]utilities.LoggerLoad1)-Warning - Status of login page null
[WARN ]2023-12-1600:19:04.493[main]utilities.LoggerLoad1)-Warning - Status of login page success
[INFO ]2023-12-1600:19:05.252[main]utilities.LoggerLoad1)-info - user signed out successfully
[WARN ]2023-12-1600:22:42.861[main]utilities.LoggerLoad1)-Warning - Status of login page Please fill out this field.
[WARN ]2023-12-1600:22:42.865[main]utilities.LoggerLoad1)-Warning - Status of login page Please fill out this field.
[WARN ]2023-12-1600:22:43.282[main]utilities.LoggerLoad1)-Warning - Status of login page Please fill out this field.
[WARN ]2023-12-1600:22:43.282[main]utilities.LoggerLoad1)-Warning - Status of login page Please fill out this field.
[WARN ]2023-12-1600:22:44.065[main]utilities.LoggerLoad1)-Warning - Status of login page Please fill out this field.
[WARN ]2023-12-1600:22:44.065[main]utilities.LoggerLoad1)-Warning - Status of login page Invalid Username and Password
[WARN ]2023-12-1600:22:44.876[main]utilities.LoggerLoad1)-Warning - Status of login page Please fill out this field.
[WARN ]2023-12-1600:22:44.876[main]utilities.LoggerLoad1)-Warning - Status of login page Invalid Username and Password
[WARN ]2023-12-1600:22:45.725[main]utilities.LoggerLoad1)-Warning - Status of login page null
[WARN ]2023-12-1600:22:45.727[main]utilities.LoggerLoad1)-Warning - Status of login page success
[INFO ]2023-12-1600:22:45.727[main]utilities.LoggerLoad1)-info - user logged in successfully
[INFO ]2023-12-1600:22:46.386[main]utilities.LoggerLoad1)-info - user signed out successfully
[WARN ]2023-12-1600:28:05.222[main]utilities.LoggerLoad1)-Warning - Status of login page Please fill out this field.
[WARN ]2023-12-1600:28:05.229[main]utilities.LoggerLoad1)-Warning - Status of login page Please fill out this field.
[WARN ]2023-12-1600:28:35.880[main]utilities.LoggerLoad1)-Warning - Status of login page Please fill out this field.
[WARN ]2023-12-1600:28:35.881[main]utilities.LoggerLoad1)-Warning - Status of login page Please fill out this field.
[WARN ]2023-12-1600:29:05.092[main]utilities.LoggerLoad1)-Warning - Status of login page Please fill out this field.
[WARN ]2023-12-1600:29:05.102[main]utilities.LoggerLoad1)-Warning - Status of login page Please fill out this field.
[WARN ]2023-12-1600:30:35.699[main]utilities.LoggerLoad1)-Warning - Status of login page Please fill out this field.
[WARN ]2023-12-1600:30:36.057[main]utilities.LoggerLoad1)-Warning - Status of login page Please fill out this field.
[WARN ]2023-12-1600:30:36.598[main]utilities.LoggerLoad1)-Warning - Status of login page Please fill out this field.
[WARN ]2023-12-1600:30:37.121[main]utilities.LoggerLoad1)-Warning - Status of login page Please fill out this field.
[WARN ]2023-12-1600:30:37.782[main]utilities.LoggerLoad1)-Warning - Status of login page null
[INFO ]2023-12-1600:30:37.783[main]utilities.LoggerLoad1)-info - user statussuccess
[INFO ]2023-12-1600:30:38.206[main]utilities.LoggerLoad1)-info - user signed out successfully
[WARN ]2023-12-1600:31:11.541[main]utilities.LoggerLoad1)-Warning - Status of login page Please fill out this field.
[WARN ]2023-12-1600:31:11.901[main]utilities.LoggerLoad1)-Warning - Status of login page Please fill out this field.
[WARN ]2023-12-1600:31:12.386[main]utilities.LoggerLoad1)-Warning - Status of login page Please fill out this field.
[WARN ]2023-12-1600:31:12.889[main]utilities.LoggerLoad1)-Warning - Status of login page Please fill out this field.
[WARN ]2023-12-1600:31:13.571[main]utilities.LoggerLoad1)-Warning - Status of login page null
[INFO ]2023-12-1600:31:13.572[main]utilities.LoggerLoad1)-info - user statussuccess
[INFO ]2023-12-1600:31:13.934[main]utilities.LoggerLoad1)-info - user signed out successfully
[WARN ]2023-12-1600:35:33.598[main]utilities.LoggerLoad1)-Warning - Status of login page Please fill out this field.
[WARN ]2023-12-1600:35:33.917[main]utilities.LoggerLoad1)-Warning - Status of login page Please fill out this field.
[WARN ]2023-12-1600:35:34.420[main]utilities.LoggerLoad1)-Warning - Status of login page Please fill out this field.
[WARN ]2023-12-1600:35:34.880[main]utilities.LoggerLoad1)-Warning - Status of login page Please fill out this field.
[WARN ]2023-12-1600:35:35.466[main]utilities.LoggerLoad1)-Warning - Status of login page null
[INFO ]2023-12-1600:35:35.467[main]utilities.LoggerLoad1)-info - user statussuccess
[INFO ]2023-12-1600:35:35.814[main]utilities.LoggerLoad1)-info - user signed out successfully
[WARN ]2023-12-1820:50:09.490[main]utilities.LoggerLoad1)-Warning - Status of login page Please fill out this field.
[WARN ]2023-12-1820:50:10.077[main]utilities.LoggerLoad1)-Warning - Status of login page Please fill out this field.
[WARN ]2023-12-1820:50:10.900[main]utilities.LoggerLoad1)-Warning - Status of login page Please fill out this field.
[WARN ]2023-12-1820:50:11.630[main]utilities.LoggerLoad1)-Warning - Status of login page Please fill out this field.
[WARN ]2023-12-1820:50:12.541[main]utilities.LoggerLoad1)-Warning - Status of login page null
[INFO ]2023-12-1820:50:12.541[main]utilities.LoggerLoad1)-info - user statussuccess
[INFO ]2023-12-1820:50:13.114[main]utilities.LoggerLoad1)-info - user signed out successfully
[WARN ]2023-12-1913:09:47.480[main]utilities.LoggerLoad1)-Warning - Status of login page Please fill out this field.
[WARN ]2023-12-1913:09:47.959[main]utilities.LoggerLoad1)-Warning - Status of login page Please fill out this field.
[WARN ]2023-12-1913:09:48.705[main]utilities.LoggerLoad1)-Warning - Status of login page Please fill out this field.
[WARN ]2023-12-1913:09:49.388[main]utilities.LoggerLoad1)-Warning - Status of login page Please fill out this field.
[WARN ]2023-12-1913:09:50.249[main]utilities.LoggerLoad1)-Warning - Status of login page null
[INFO ]2023-12-1913:09:50.249[main]utilities.LoggerLoad1)-info - user statussuccess
[INFO ]2023-12-1913:09:50.853[main]utilities.LoggerLoad1)-info - user signed out successfully
[INFO ]2023-12-1913:18:17.456[main]utilities.LoggerLoad1)-info - user statussuccess
[INFO ]2023-12-1913:18:18.022[main]utilities.LoggerLoad1)-info - user signed out successfully
[WARN ]2023-12-1913:19:55.251[main]utilities.LoggerLoad1)-Warning - Status of login page Please fill out this field.
[WARN ]2023-12-1913:19:55.673[main]utilities.LoggerLoad1)-Warning - Status of login page Please fill out this field.
[WARN ]2023-12-1913:19:56.221[main]utilities.LoggerLoad1)-Warning - Status of login page Please fill out this field.
[WARN ]2023-12-1913:19:56.972[main]utilities.LoggerLoad1)-Warning - Status of login page Please fill out this field.
[WARN ]2023-12-1913:19:58.001[main]utilities.LoggerLoad1)-Warning - Status of login page null
[WARN ]2023-12-1913:21:55.866[main]utilities.LoggerLoad1)-Warning - Status of login page Please fill out this field.
[WARN ]2023-12-1913:22:26.394[main]utilities.LoggerLoad1)-Warning - Status of login page Please fill out this field.
[WARN ]2023-12-1913:22:57.147[main]utilities.LoggerLoad1)-Warning - Status of login page Invalid Username and Password
[WARN ]2023-12-1913:22:57.982[main]utilities.LoggerLoad1)-Warning - Status of login page Invalid Username and Password
[WARN ]2023-12-1913:22:58.661[main]utilities.LoggerLoad1)-Warning - Status of login page success
[INFO ]2023-12-1913:22:59.104[main]utilities.LoggerLoad1)-info - user signed out successfully
[INFO ]2023-12-1913:30:35.463[main]utilities.LoggerLoad1)-info - user statusPlease fill out this field.
[INFO ]2023-12-1913:32:27.412[main]utilities.LoggerLoad1)-info - user statusPlease fill out this field.
[INFO ]2023-12-1913:32:57.861[main]utilities.LoggerLoad1)-info - user statusPlease fill out this field.
[INFO ]2023-12-1913:33:28.520[main]utilities.LoggerLoad1)-info - user statusInvalid Username and Password
[INFO ]2023-12-1913:33:29.119[main]utilities.LoggerLoad1)-info - user statusInvalid Username and Password
[INFO ]2023-12-1913:33:29.814[main]utilities.LoggerLoad1)-info - user statussuccess
[INFO ]2023-12-1913:33:30.293[main]utilities.LoggerLoad1)-info - user signed out successfully
[INFO ]2023-12-1913:38:11.212[main]utilities.LoggerLoad1)-info - user statusPlease fill out this field.
[INFO ]2023-12-1913:38:41.767[main]utilities.LoggerLoad1)-info - user statusPlease fill out this field.
[INFO ]2023-12-1913:39:12.504[main]utilities.LoggerLoad1)-info - user statusInvalid Username and Password
[INFO ]2023-12-1913:39:13.179[main]utilities.LoggerLoad1)-info - user statusInvalid Username and Password
[INFO ]2023-12-1913:39:13.895[main]utilities.LoggerLoad1)-info - user statussuccess
[INFO ]2023-12-1913:39:14.504[main]utilities.LoggerLoad1)-info - user signed out successfully
[INFO ]2023-12-1913:46:14.202[main]utilities.LoggerLoad1)-info - user signed out successfully
[INFO ]2023-12-1917:47:14.726[main]utilities.LoggerLoad1)-info - user signed out successfully
[INFO ]2023-12-1917:51:36.366[main]utilities.LoggerLoad1)-info - user signed out successfully
[INFO ]2023-12-1918:24:48.054[main]utilities.LoggerLoad1)-info - user signed out successfully
[WARN ]2023-12-1918:40:36.196[main]utilities.LoggerLoad1)-warning - user not able to loginPlease fill out this field.
[WARN ]2023-12-1918:40:36.883[main]utilities.LoggerLoad1)-warning - user not able to loginPlease fill out this field.
[WARN ]2023-12-1918:40:37.796[main]utilities.LoggerLoad1)-warning - user not able to loginInvalid Username and Password
[WARN ]2023-12-1918:40:38.623[main]utilities.LoggerLoad1)-warning - user not able to loginInvalid Username and Password
[INFO ]2023-12-1918:40:39.980[main]utilities.LoggerLoad1)-info - user signed out successfully
[WARN ]2023-12-1918:41:22.243[main]utilities.LoggerLoad1)-warning - user not able to loginPlease fill out this field.
[WARN ]2023-12-1918:41:22.899[main]utilities.LoggerLoad1)-warning - user not able to loginPlease fill out this field.
[WARN ]2023-12-1918:41:23.841[main]utilities.LoggerLoad1)-warning - user not able to loginInvalid Username and Password
[WARN ]2023-12-1918:41:24.713[main]utilities.LoggerLoad1)-warning - user not able to loginInvalid Username and Password
[INFO ]2023-12-1918:41:26.319[main]utilities.LoggerLoad1)-info - user signed out successfully
[WARN ]2023-12-1918:42:55.280[main]utilities.LoggerLoad1)-warning - user not able to loginPlease fill out this field.
[WARN ]2023-12-1918:42:55.828[main]utilities.LoggerLoad1)-warning - user not able to loginPlease fill out this field.
[WARN ]2023-12-1918:42:56.712[main]utilities.LoggerLoad1)-warning - user not able to loginInvalid Username and Password
[WARN ]2023-12-1918:42:57.539[main]utilities.LoggerLoad1)-warning - user not able to loginInvalid Username and Password
[INFO ]2023-12-1918:42:58.867[main]utilities.LoggerLoad1)-info - user signed out successfully
[WARN ]2023-12-1918:43:33.434[main]utilities.LoggerLoad1)-warning - user not able to loginPlease fill out this field.
[WARN ]2023-12-1918:43:34.130[main]utilities.LoggerLoad1)-warning - user not able to loginPlease fill out this field.
[WARN ]2023-12-1918:43:34.967[main]utilities.LoggerLoad1)-warning - user not able to loginInvalid Username and Password
[WARN ]2023-12-1918:43:35.785[main]utilities.LoggerLoad1)-warning - user not able to loginInvalid Username and Password
[INFO ]2023-12-1918:43:37.269[main]utilities.LoggerLoad1)-info - user signed out successfully
[WARN ]2023-12-1918:44:46.909[main]utilities.LoggerLoad1)-warning - user not able to loginPlease fill out this field.
[WARN ]2023-12-1918:44:47.585[main]utilities.LoggerLoad1)-warning - user not able to loginPlease fill out this field.
[WARN ]2023-12-1918:44:48.396[main]utilities.LoggerLoad1)-warning - user not able to loginInvalid Username and Password
[WARN ]2023-12-1918:44:49.232[main]utilities.LoggerLoad1)-warning - user not able to loginInvalid Username and Password
[WARN ]2023-12-1918:44:50.265[main]utilities.LoggerLoad1)-warning - user not able to loginYou are logged in
[INFO ]2023-12-1918:44:50.592[main]utilities.LoggerLoad1)-info - user signed out successfully
[WARN ]2023-12-1918:47:41.822[main]utilities.LoggerLoad1)-warning - user not able to loginPlease fill out this field.
[WARN ]2023-12-1918:47:42.291[main]utilities.LoggerLoad1)-warning - user not able to loginPlease fill out this field.
[WARN ]2023-12-1918:47:43.223[main]utilities.LoggerLoad1)-warning - user not able to loginInvalid Username and Password
[WARN ]2023-12-1918:47:43.974[main]utilities.LoggerLoad1)-warning - user not able to loginInvalid Username and Password
[WARN ]2023-12-1918:47:44.939[main]utilities.LoggerLoad1)-warning - user not able to loginYou are logged in
[INFO ]2023-12-1918:47:45.582[main]utilities.LoggerLoad1)-info - user signed out successfully
[WARN ]2023-12-2012:02:24.745[main]utilities.LoggerLoad1)-warning - user not able to loginPlease fill out this field.
[WARN ]2023-12-2012:02:25.461[main]utilities.LoggerLoad1)-warning - user not able to loginPlease fill out this field.
[WARN ]2023-12-2012:02:26.281[main]utilities.LoggerLoad1)-warning - user not able to loginInvalid Username and Password
[WARN ]2023-12-2012:02:27.029[main]utilities.LoggerLoad1)-warning - user not able to loginInvalid Username and Password
[WARN ]2023-12-2012:02:27.926[main]utilities.LoggerLoad1)-warning - user not able to loginYou are logged in
[INFO ]2023-12-2012:02:28.346[main]utilities.LoggerLoad1)-info - user signed out successfully
[WARN ]2023-12-2018:06:50.706[main]utilities.LoggerLoad1)-warning - user not able to loginPlease fill out this field.
[WARN ]2023-12-2018:06:51.111[main]utilities.LoggerLoad1)-warning - user not able to loginPlease fill out this field.
[WARN ]2023-12-2018:06:51.702[main]utilities.LoggerLoad1)-warning - user not able to loginInvalid Username and Password
[WARN ]2023-12-2018:06:52.276[main]utilities.LoggerLoad1)-warning - user not able to loginInvalid Username and Password
[WARN ]2023-12-2018:06:52.977[main]utilities.LoggerLoad1)-warning - user not able to loginYou are logged in
[INFO ]2023-12-2018:06:53.309[main]utilities.LoggerLoad1)-info - user signed out successfully
[WARN ]2023-12-2018:16:45.025[main]utilities.LoggerLoad1)-warning - user not able to loginPlease fill out this field.
[WARN ]2023-12-2018:16:45.409[main]utilities.LoggerLoad1)-warning - user not able to loginPlease fill out this field.
[WARN ]2023-12-2018:16:45.943[main]utilities.LoggerLoad1)-warning - user not able to loginInvalid Username and Password
[WARN ]2023-12-2018:16:46.510[main]utilities.LoggerLoad1)-warning - user not able to loginInvalid Username and Password
[WARN ]2023-12-2018:16:47.166[main]utilities.LoggerLoad1)-warning - user not able to loginYou are logged in
[INFO ]2023-12-2018:16:47.490[main]utilities.LoggerLoad1)-info - user signed out successfully
[WARN ]2023-12-2018:17:19.914[main]utilities.LoggerLoad1)-warning - user not able to loginPlease fill out this field.
[WARN ]2023-12-2018:17:20.314[main]utilities.LoggerLoad1)-warning - user not able to loginPlease fill out this field.
[WARN ]2023-12-2018:17:20.899[main]utilities.LoggerLoad1)-warning - user not able to loginInvalid Username and Password
[WARN ]2023-12-2018:17:21.433[main]utilities.LoggerLoad1)-warning - user not able to loginInvalid Username and Password
[WARN ]2023-12-2018:17:22.125[main]utilities.LoggerLoad1)-warning - user not able to loginYou are logged in
[INFO ]2023-12-2018:17:22.498[main]utilities.LoggerLoad1)-info - user signed out successfully
[WARN ]2023-12-3012:47:36.113[main]utilities.LoggerLoad1)-warning - user not able to loginPlease fill out this field.
[WARN ]2023-12-3012:47:36.727[main]utilities.LoggerLoad1)-warning - user not able to loginPlease fill out this field.
[WARN ]2023-12-3012:47:38.050[main]utilities.LoggerLoad1)-warning - user not able to loginInvalid Username and Password
[WARN ]2023-12-3012:47:38.919[main]utilities.LoggerLoad1)-warning - user not able to loginInvalid Username and Password
[WARN ]2023-12-3012:47:39.984[main]utilities.LoggerLoad1)-warning - user not able to loginYou are logged in
[INFO ]2023-12-3012:47:40.565[main]utilities.LoggerLoad1)-info - user signed out successfully
[WARN ]2023-12-3013:19:45.974[main]utilities.LoggerLoad1)-warning - user not able to loginPlease fill out this field.
[WARN ]2023-12-3013:19:46.785[main]utilities.LoggerLoad1)-warning - user not able to loginPlease fill out this field.
[WARN ]2023-12-3013:19:47.850[main]utilities.LoggerLoad1)-warning - user not able to loginInvalid Username and Password
[WARN ]2023-12-3013:19:48.814[main]utilities.LoggerLoad1)-warning - user not able to loginInvalid Username and Password
[WARN ]2023-12-3013:19:49.909[main]utilities.LoggerLoad1)-warning - user not able to loginYou are logged in
[INFO ]2023-12-3013:19:50.512[main]utilities.LoggerLoad1)-info - user signed out successfully
[WARN ]2023-12-3013:36:08.773[main]utilities.LoggerLoad1)-warning - user not able to loginPlease fill out this field.
[WARN ]2023-12-3013:36:09.430[main]utilities.LoggerLoad1)-warning - user not able to loginPlease fill out this field.
[WARN ]2023-12-3013:36:10.303[main]utilities.LoggerLoad1)-warning - user not able to loginInvalid Username and Password
[WARN ]2023-12-3013:36:11.216[main]utilities.LoggerLoad1)-warning - user not able to loginInvalid Username and Password
[WARN ]2023-12-3013:36:12.294[main]utilities.LoggerLoad1)-warning - user not able to loginYou are logged in
[INFO ]2023-12-3013:36:12.654[main]utilities.LoggerLoad1)-info - user signed out successfully
[WARN ]2023-12-3013:40:06.864[main]utilities.LoggerLoad1)-warning - user not able to loginPlease fill out this field.
[WARN ]2023-12-3013:40:07.584[main]utilities.LoggerLoad1)-warning - user not able to loginPlease fill out this field.
[WARN ]2023-12-3013:40:08.579[main]utilities.LoggerLoad1)-warning - user not able to loginInvalid Username and Password
[WARN ]2023-12-3013:40:09.538[main]utilities.LoggerLoad1)-warning - user not able to loginInvalid Username and Password
[WARN ]2023-12-3013:40:10.724[main]utilities.LoggerLoad1)-warning - user not able to loginYou are logged in
[INFO ]2023-12-3013:40:11.056[main]utilities.LoggerLoad1)-info - user signed out successfully
[WARN ]2023-12-3013:44:54.265[main]utilities.LoggerLoad1)-warning - user not able to loginPlease fill out this field.
[WARN ]2023-12-3013:44:54.950[main]utilities.LoggerLoad1)-warning - user not able to loginPlease fill out this field.
[WARN ]2023-12-3013:44:55.874[main]utilities.LoggerLoad1)-warning - user not able to loginInvalid Username and Password
[WARN ]2023-12-3013:44:56.746[main]utilities.LoggerLoad1)-warning - user not able to loginInvalid Username and Password
[WARN ]2023-12-3013:44:57.790[main]utilities.LoggerLoad1)-warning - user not able to loginYou are logged in
[INFO ]2023-12-3013:44:58.108[main]utilities.LoggerLoad1)-info - user signed out successfully
[WARN ]2023-12-3013:48:47.739[main]utilities.LoggerLoad1)-warning - user not able to loginPlease fill out this field.
[WARN ]2023-12-3013:48:48.499[main]utilities.LoggerLoad1)-warning - user not able to loginPlease fill out this field.
[WARN ]2023-12-3013:48:49.480[main]utilities.LoggerLoad1)-warning - user not able to loginInvalid Username and Password
[WARN ]2023-12-3013:48:50.474[main]utilities.LoggerLoad1)-warning - user not able to loginInvalid Username and Password
[WARN ]2023-12-3013:48:51.526[main]utilities.LoggerLoad1)-warning - user not able to loginYou are logged in
[INFO ]2023-12-3013:48:51.831[main]utilities.LoggerLoad1)-info - user signed out successfully
[WARN ]2023-12-3013:52:16.473[main]utilities.LoggerLoad1)-warning - user not able to loginPlease fill out this field.
[WARN ]2023-12-3013:52:17.209[main]utilities.LoggerLoad1)-warning - user not able to loginPlease fill out this field.
[WARN ]2023-12-3013:52:18.192[main]utilities.LoggerLoad1)-warning - user not able to loginInvalid Username and Password
[WARN ]2023-12-3013:52:19.161[main]utilities.LoggerLoad1)-warning - user not able to loginInvalid Username and Password
[WARN ]2023-12-3013:52:20.167[main]utilities.LoggerLoad1)-warning - user not able to loginYou are logged in
[INFO ]2023-12-3013:52:20.461[main]utilities.LoggerLoad1)-info - user signed out successfully
[WARN ]2023-12-3013:55:16.384[main]utilities.LoggerLoad1)-warning - user not able to loginPlease fill out this field.
[WARN ]2023-12-3013:55:17.050[main]utilities.LoggerLoad1)-warning - user not able to loginPlease fill out this field.
[WARN ]2023-12-3013:55:17.959[main]utilities.LoggerLoad1)-warning - user not able to loginInvalid Username and Password
[WARN ]2023-12-3013:55:18.901[main]utilities.LoggerLoad1)-warning - user not able to loginInvalid Username and Password
[WARN ]2023-12-3013:55:19.880[main]utilities.LoggerLoad1)-warning - user not able to loginYou are logged in
[INFO ]2023-12-3013:55:20.193[main]utilities.LoggerLoad1)-info - user signed out successfully
[WARN ]2023-12-3014:06:49.875[main]utilities.LoggerLoad1)-warning - user not able to loginPlease fill out this field.
[WARN ]2023-12-3014:06:50.608[main]utilities.LoggerLoad1)-warning - user not able to loginPlease fill out this field.
[WARN ]2023-12-3014:06:51.548[main]utilities.LoggerLoad1)-warning - user not able to loginInvalid Username and Password
[WARN ]2023-12-3014:06:52.489[main]utilities.LoggerLoad1)-warning - user not able to loginInvalid Username and Password
[WARN ]2023-12-3014:06:53.528[main]utilities.LoggerLoad1)-warning - user not able to loginYou are logged in
[INFO ]2023-12-3014:06:53.838[main]utilities.LoggerLoad1)-info - user signed out successfully
[WARN ]2023-12-3014:09:49.984[main]utilities.LoggerLoad1)-warning - user not able to loginPlease fill out this field.
[WARN ]2023-12-3014:09:50.654[main]utilities.LoggerLoad1)-warning - user not able to loginPlease fill out this field.
[WARN ]2023-12-3014:09:51.547[main]utilities.LoggerLoad1)-warning - user not able to loginInvalid Username and Password
[WARN ]2023-12-3014:09:52.591[main]utilities.LoggerLoad1)-warning - user not able to loginInvalid Username and Password
[WARN ]2023-12-3014:09:53.663[main]utilities.LoggerLoad1)-warning - user not able to loginYou are logged in
[INFO ]2023-12-3014:09:54.006[main]utilities.LoggerLoad1)-info - user signed out successfully
[WARN ]2023-12-3014:14:42.180[main]utilities.LoggerLoad1)-warning - user not able to loginPlease fill out this field.
[WARN ]2023-12-3014:14:42.846[main]utilities.LoggerLoad1)-warning - user not able to loginPlease fill out this field.
[WARN ]2023-12-3014:14:43.733[main]utilities.LoggerLoad1)-warning - user not able to loginInvalid Username and Password
[WARN ]2023-12-3014:14:44.591[main]utilities.LoggerLoad1)-warning - user not able to loginInvalid Username and Password
[WARN ]2023-12-3014:14:45.764[main]utilities.LoggerLoad1)-warning - user not able to loginYou are logged in
[INFO ]2023-12-3014:14:46.081[main]utilities.LoggerLoad1)-info - user signed out successfully
[WARN ]2023-12-3014:17:36.775[main]utilities.LoggerLoad1)-warning - user not able to loginPlease fill out this field.
[WARN ]2023-12-3014:17:37.428[main]utilities.LoggerLoad1)-warning - user not able to loginPlease fill out this field.
[WARN ]2023-12-3014:17:38.411[main]utilities.LoggerLoad1)-warning - user not able to loginInvalid Username and Password
[WARN ]2023-12-3014:17:39.327[main]utilities.LoggerLoad1)-warning - user not able to loginInvalid Username and Password
[WARN ]2023-12-3014:17:40.579[main]utilities.LoggerLoad1)-warning - user not able to loginYou are logged in
[INFO ]2023-12-3014:17:40.888[main]utilities.LoggerLoad1)-info - user signed out successfully
[WARN ]2023-12-3014:19:27.826[main]utilities.LoggerLoad1)-warning - user not able to loginPlease fill out this field.
[WARN ]2023-12-3014:19:28.512[main]utilities.LoggerLoad1)-warning - user not able to loginPlease fill out this field.
[WARN ]2023-12-3014:19:29.474[main]utilities.LoggerLoad1)-warning - user not able to loginInvalid Username and Password
[WARN ]2023-12-3014:19:30.423[main]utilities.LoggerLoad1)-warning - user not able to loginInvalid Username and Password
[WARN ]2023-12-3014:19:31.467[main]utilities.LoggerLoad1)-warning - user not able to loginYou are logged in
[INFO ]2023-12-3014:19:31.773[main]utilities.LoggerLoad1)-info - user signed out successfully
[WARN ]2023-12-3014:22:56.749[main]utilities.LoggerLoad1)-warning - user not able to loginPlease fill out this field.
[WARN ]2023-12-3014:22:57.457[main]utilities.LoggerLoad1)-warning - user not able to loginPlease fill out this field.
[WARN ]2023-12-3014:22:58.389[main]utilities.LoggerLoad1)-warning - user not able to loginInvalid Username and Password
[WARN ]2023-12-3014:22:59.283[main]utilities.LoggerLoad1)-warning - user not able to loginInvalid Username and Password
[WARN ]2023-12-3014:23:00.347[main]utilities.LoggerLoad1)-warning - user not able to loginYou are logged in
[INFO ]2023-12-3014:23:00.700[main]utilities.LoggerLoad1)-info - user signed out successfully
[WARN ]2023-12-3023:41:37.176[main]utilities.LoggerLoad1)-warning - user not able to loginPlease fill out this field.
[WARN ]2023-12-3023:41:37.560[main]utilities.LoggerLoad1)-warning - user not able to loginPlease fill out this field.
[WARN ]2023-12-3023:41:38.137[main]utilities.LoggerLoad1)-warning - user not able to loginInvalid Username and Password
[WARN ]2023-12-3023:41:38.745[main]utilities.LoggerLoad1)-warning - user not able to loginInvalid Username and Password
[WARN ]2023-12-3023:41:39.410[main]utilities.LoggerLoad1)-warning - user not able to loginYou are logged in
[INFO ]2023-12-3023:41:39.604[main]utilities.LoggerLoad1)-info - user signed out successfully
[WARN ]2023-12-3023:45:01.310[main]utilities.LoggerLoad1)-warning - user not able to loginPlease fill out this field.
[WARN ]2023-12-3023:45:01.744[main]utilities.LoggerLoad1)-warning - user not able to loginPlease fill out this field.
[WARN ]2023-12-3023:45:02.311[main]utilities.LoggerLoad1)-warning - user not able to loginInvalid Username and Password
[WARN ]2023-12-3023:45:02.859[main]utilities.LoggerLoad1)-warning - user not able to loginInvalid Username and Password
[WARN ]2023-12-3023:45:03.641[main]utilities.LoggerLoad1)-warning - user not able to loginYou are logged in
[INFO ]2023-12-3023:45:03.825[main]utilities.LoggerLoad1)-info - user signed out successfully
[WARN ]2023-12-3023:46:41.847[main]utilities.LoggerLoad1)-warning - user not able to loginPlease fill out this field.
[WARN ]2023-12-3023:46:42.242[main]utilities.LoggerLoad1)-warning - user not able to loginPlease fill out this field.
[WARN ]2023-12-3023:46:42.854[main]utilities.LoggerLoad1)-warning - user not able to loginInvalid Username and Password
[WARN ]2023-12-3023:46:43.470[main]utilities.LoggerLoad1)-warning - user not able to loginInvalid Username and Password
[WARN ]2023-12-3023:46:44.162[main]utilities.LoggerLoad1)-warning - user not able to loginYou are logged in
[INFO ]2023-12-3023:46:44.375[main]utilities.LoggerLoad1)-info - user signed out successfully
[WARN ]2023-12-3023:53:37.008[main]utilities.LoggerLoad1)-warning - user not able to loginPlease fill out this field.
[WARN ]2023-12-3023:53:37.477[main]utilities.LoggerLoad1)-warning - user not able to loginPlease fill out this field.
[WARN ]2023-12-3023:53:38.144[main]utilities.LoggerLoad1)-warning - user not able to loginInvalid Username and Password
[WARN ]2023-12-3023:53:38.776[main]utilities.LoggerLoad1)-warning - user not able to loginInvalid Username and Password
[WARN ]2023-12-3023:53:39.545[main]utilities.LoggerLoad1)-warning - user not able to loginYou are logged in
[INFO ]2023-12-3023:53:39.761[main]utilities.LoggerLoad1)-info - user signed out successfully
[WARN ]2023-12-3023:55:51.490[main]utilities.LoggerLoad1)-warning - user not able to loginPlease fill out this field.
[WARN ]2023-12-3023:55:51.892[main]utilities.LoggerLoad1)-warning - user not able to loginPlease fill out this field.
[WARN ]2023-12-3023:55:52.507[main]utilities.LoggerLoad1)-warning - user not able to loginInvalid Username and Password
[WARN ]2023-12-3023:55:53.101[main]utilities.LoggerLoad1)-warning - user not able to loginInvalid Username and Password
[WARN ]2023-12-3023:55:53.822[main]utilities.LoggerLoad1)-warning - user not able to loginYou are logged in
[INFO ]2023-12-3023:55:54.037[main]utilities.LoggerLoad1)-info - user signed out successfully
[WARN ]2024-01-0211:49:51.315[main]utilities.LoggerLoad1)-warning - user not able to loginPlease fill out this field.
[WARN ]2024-01-0211:49:51.941[main]utilities.LoggerLoad1)-warning - user not able to loginPlease fill out this field.
[WARN ]2024-01-0211:49:52.765[main]utilities.LoggerLoad1)-warning - user not able to loginInvalid Username and Password
[WARN ]2024-01-0211:49:53.566[main]utilities.LoggerLoad1)-warning - user not able to loginInvalid Username and Password
[WARN ]2024-01-0211:49:54.437[main]utilities.LoggerLoad1)-warning - user not able to loginYou are logged in
[INFO ]2024-01-0211:49:54.709[main]utilities.LoggerLoad1)-info - user signed out successfully
[WARN ]2024-01-0212:30:29.482[main]utilities.LoggerLoad1)-warning - user not able to loginPlease fill out this field.
[WARN ]2024-01-0212:30:30.409[main]utilities.LoggerLoad1)-warning - user not able to loginPlease fill out this field.
[WARN ]2024-01-0212:30:31.337[main]utilities.LoggerLoad1)-warning - user not able to loginInvalid Username and Password
[WARN ]2024-01-0212:30:32.475[main]utilities.LoggerLoad1)-warning - user not able to loginInvalid Username and Password
[WARN ]2024-01-0212:30:33.418[main]utilities.LoggerLoad1)-warning - user not able to loginYou are logged in
[INFO ]2024-01-0212:30:33.779[main]utilities.LoggerLoad1)-info - user signed out successfully
[WARN ]2024-01-0217:37:29.909[main]utilities.LoggerLoad1)-warning - user not able to loginPlease fill out this field.
[WARN ]2024-01-0217:37:30.593[main]utilities.LoggerLoad1)-warning - user not able to loginPlease fill out this field.
[WARN ]2024-01-0217:37:31.436[main]utilities.LoggerLoad1)-warning - user not able to loginInvalid Username and Password
[WARN ]2024-01-0217:37:32.319[main]utilities.LoggerLoad1)-warning - user not able to loginInvalid Username and Password
[WARN ]2024-01-0217:37:33.356[main]utilities.LoggerLoad1)-warning - user not able to loginYou are logged in
[INFO ]2024-01-0217:37:33.627[main]utilities.LoggerLoad1)-info - user signed out successfully
[WARN ]2024-01-0220:35:24.250[main]utilities.LoggerLoad1)-warning - user not able to loginPlease fill out this field.
[WARN ]2024-01-0220:35:24.688[main]utilities.LoggerLoad1)-warning - user not able to loginPlease fill out this field.
[WARN ]2024-01-0220:35:25.332[main]utilities.LoggerLoad1)-warning - user not able to loginInvalid Username and Password
[WARN ]2024-01-0220:35:25.969[main]utilities.LoggerLoad1)-warning - user not able to loginInvalid Username and Password
[WARN ]2024-01-0220:35:26.706[main]utilities.LoggerLoad1)-warning - user not able to loginYou are logged in
[INFO ]2024-01-0220:35:26.920[main]utilities.LoggerLoad1)-info - user signed out successfully
[WARN ]2024-01-0220:44:11.462[main]utilities.LoggerLoad1)-warning - user not able to loginPlease fill out this field.
[WARN ]2024-01-0220:44:11.969[main]utilities.LoggerLoad1)-warning - user not able to loginPlease fill out this field.
[WARN ]2024-01-0220:44:12.630[main]utilities.LoggerLoad1)-warning - user not able to loginInvalid Username and Password
[WARN ]2024-01-0220:44:13.321[main]utilities.LoggerLoad1)-warning - user not able to loginInvalid Username and Password
[WARN ]2024-01-0220:44:14.102[main]utilities.LoggerLoad1)-warning - user not able to loginYou are logged in
[INFO ]2024-01-0220:44:14.320[main]utilities.LoggerLoad1)-info - user signed out successfully
[WARN ]2024-01-0323:44:09.410[main]utilities.LoggerLoad1)-warning - user not able to loginPlease fill out this field.
[WARN ]2024-01-0323:44:10.166[main]utilities.LoggerLoad1)-warning - user not able to loginPlease fill out this field.
[WARN ]2024-01-0323:44:11.103[main]utilities.LoggerLoad1)-warning - user not able to loginInvalid Username and Password
[WARN ]2024-01-0323:44:11.967[main]utilities.LoggerLoad1)-warning - user not able to loginInvalid Username and Password
[WARN ]2024-01-0323:44:12.882[main]utilities.LoggerLoad1)-warning - user not able to loginYou are logged in
[INFO ]2024-01-0323:44:13.208[main]utilities.LoggerLoad1)-info - user signed out successfully
[WARN ]2024-01-0323:47:53.591[main]utilities.LoggerLoad1)-warning - user not able to loginPlease fill out this field.
[WARN ]2024-01-0323:47:54.286[main]utilities.LoggerLoad1)-warning - user not able to loginPlease fill out this field.
[WARN ]2024-01-0323:47:55.319[main]utilities.LoggerLoad1)-warning - user not able to loginInvalid Username and Password
[WARN ]2024-01-0323:47:56.358[main]utilities.LoggerLoad1)-warning - user not able to loginInvalid Username and Password
[WARN ]2024-01-0323:47:57.392[main]utilities.LoggerLoad1)-warning - user not able to loginYou are logged in
[INFO ]2024-01-0323:47:57.667[main]utilities.LoggerLoad1)-info - user signed out successfully
[WARN ]2024-01-0323:50:58.892[main]utilities.LoggerLoad1)-warning - user not able to loginPlease fill out this field.
[WARN ]2024-01-0323:50:59.677[main]utilities.LoggerLoad1)-warning - user not able to loginPlease fill out this field.
[WARN ]2024-01-0323:51:00.761[main]utilities.LoggerLoad1)-warning - user not able to loginInvalid Username and Password
[WARN ]2024-01-0323:51:01.705[main]utilities.LoggerLoad1)-warning - user not able to loginInvalid Username and Password
[WARN ]2024-01-0323:51:02.744[main]utilities.LoggerLoad1)-warning - user not able to loginYou are logged in
[INFO ]2024-01-0323:51:03.013[main]utilities.LoggerLoad1)-info - user signed out successfully
[WARN ]2024-01-0600:37:23.623[TestNG-PoolService-2]utilities.LoggerLoad1)-warning - user not able to loginPlease fill out this field.
[WARN ]2024-01-0601:04:49.153[main]utilities.LoggerLoad1)-warning - user not able to loginPlease fill out this field.
[WARN ]2024-01-0601:04:52.352[main]utilities.LoggerLoad1)-warning - user not able to loginPlease fill out this field.
[WARN ]2024-01-0601:04:55.877[main]utilities.LoggerLoad1)-warning - user not able to loginInvalid Username and Password
[WARN ]2024-01-0700:28:53.186[TestNG-PoolService-5]utilities.LoggerLoad1)-warning - user not able to loginInvalid Username and Password
[WARN ]2024-01-0700:28:53.186[TestNG-PoolService-2]utilities.LoggerLoad1)-warning - user not able to loginPlease fill out this field.
[WARN ]2024-01-0700:28:53.971[TestNG-PoolService-3]utilities.LoggerLoad1)-warning - user not able to loginPlease fill out this field.
[WARN ]2024-01-0700:28:54.668[TestNG-PoolService-6]utilities.LoggerLoad1)-warning - user not able to loginYou are logged in
[WARN ]2024-01-0700:28:54.922[TestNG-PoolService-4]utilities.LoggerLoad1)-warning - user not able to loginInvalid Username and Password
[INFO ]2024-01-0700:28:58.937[TestNG-PoolService-6]utilities.LoggerLoad1)-info - user signed out successfully
[WARN ]2024-01-0700:36:42.550[TestNG-PoolService-4]utilities.LoggerLoad1)-warning - user not able to loginInvalid Username and Password
[WARN ]2024-01-0700:36:42.550[TestNG-PoolService-6]utilities.LoggerLoad1)-warning - user not able to loginYou are logged in
[WARN ]2024-01-0700:36:42.550[TestNG-PoolService-2]utilities.LoggerLoad1)-warning - user not able to loginPlease fill out this field.
[WARN ]2024-01-0700:36:42.550[TestNG-PoolService-3]utilities.LoggerLoad1)-warning - user not able to loginPlease fill out this field.
[WARN ]2024-01-0700:36:44.141[TestNG-PoolService-5]utilities.LoggerLoad1)-warning - user not able to loginInvalid Username and Password
[INFO ]2024-01-0700:37:05.197[TestNG-PoolService-6]utilities.LoggerLoad1)-info - user signed out successfully
[WARN ]2024-01-0700:43:01.081[TestNG-PoolService-5]utilities.LoggerLoad1)-warning - user not able to loginInvalid Username and Password
[WARN ]2024-01-0700:43:01.081[TestNG-PoolService-3]utilities.LoggerLoad1)-warning - user not able to loginPlease fill out this field.
[WARN ]2024-01-0700:43:01.834[TestNG-PoolService-4]utilities.LoggerLoad1)-warning - user not able to loginInvalid Username and Password
[WARN ]2024-01-0700:43:02.200[TestNG-PoolService-6]utilities.LoggerLoad1)-warning - user not able to loginYou are logged in
[WARN ]2024-01-0700:43:04.972[TestNG-PoolService-2]utilities.LoggerLoad1)-warning - user not able to loginPlease fill out this field.
[INFO ]2024-01-0700:43:24.248[TestNG-PoolService-6]utilities.LoggerLoad1)-info - user signed out successfully
[WARN ]2024-01-0701:04:30.625[TestNG-PoolService-2]utilities.LoggerLoad1)-warning - user not able to loginPlease fill out this field.
[WARN ]2024-01-0701:04:30.625[TestNG-PoolService-5]utilities.LoggerLoad1)-warning - user not able to loginInvalid Username and Password
[WARN ]2024-01-0701:04:30.625[TestNG-PoolService-6]utilities.LoggerLoad1)-warning - user not able to loginYou are logged in
[WARN ]2024-01-0701:04:31.141[TestNG-PoolService-3]utilities.LoggerLoad1)-warning - user not able to loginPlease fill out this field.
[WARN ]2024-01-0701:04:32.365[TestNG-PoolService-4]utilities.LoggerLoad1)-warning - user not able to loginInvalid Username and Password
[WARN ]2024-01-0701:09:59.586[TestNG-PoolService-2]utilities.LoggerLoad1)-warning - user not able to loginPlease fill out this field.
[WARN ]2024-01-0701:09:59.586[TestNG-PoolService-4]utilities.LoggerLoad1)-warning - user not able to loginInvalid Username and Password
[WARN ]2024-01-0701:09:59.593[TestNG-PoolService-6]utilities.LoggerLoad1)-warning - user not able to loginYou are logged in
[WARN ]2024-01-0701:09:59.588[TestNG-PoolService-3]utilities.LoggerLoad1)-warning - user not able to loginPlease fill out this field.
[WARN ]2024-01-0701:09:59.593[TestNG-PoolService-5]utilities.LoggerLoad1)-warning - user not able to loginInvalid Username and Password
[INFO ]2024-01-0701:10:00.945[TestNG-PoolService-6]utilities.LoggerLoad1)-info - user signed out successfully
[WARN ]2024-01-0701:14:56.219[TestNG-PoolService-5]utilities.LoggerLoad1)-warning - user not able to loginInvalid Username and Password
[WARN ]2024-01-0701:14:56.217[TestNG-PoolService-6]utilities.LoggerLoad1)-warning - user not able to loginYou are logged in
[WARN ]2024-01-0701:14:56.217[TestNG-PoolService-2]utilities.LoggerLoad1)-warning - user not able to loginPlease fill out this field.
[WARN ]2024-01-0701:14:56.219[TestNG-PoolService-4]utilities.LoggerLoad1)-warning - user not able to loginInvalid Username and Password
[WARN ]2024-01-0701:14:56.219[TestNG-PoolService-3]utilities.LoggerLoad1)-warning - user not able to loginPlease fill out this field.
[INFO ]2024-01-0701:14:57.155[TestNG-PoolService-6]utilities.LoggerLoad1)-info - user signed out successfully
[WARN ]2024-01-0701:17:32.656[TestNG-PoolService-4]utilities.LoggerLoad1)-warning - user not able to loginInvalid Username and Password
[WARN ]2024-01-0701:17:32.656[TestNG-PoolService-5]utilities.LoggerLoad1)-warning - user not able to loginInvalid Username and Password
[WARN ]2024-01-0701:17:32.673[TestNG-PoolService-2]utilities.LoggerLoad1)-warning - user not able to loginPlease fill out this field.
[WARN ]2024-01-0701:17:32.833[TestNG-PoolService-6]utilities.LoggerLoad1)-warning - user not able to loginYou are logged in
[WARN ]2024-01-0701:17:33.021[TestNG-PoolService-3]utilities.LoggerLoad1)-warning - user not able to loginPlease fill out this field.
[INFO ]2024-01-0701:17:35.954[TestNG-PoolService-6]utilities.LoggerLoad1)-info - user signed out successfully
[WARN ]2024-01-0702:05:55.936[TestNG-PoolService-3]utilities.LoggerLoad1)-warning - user not able to loginPlease fill out this field.
[WARN ]2024-01-0702:05:55.936[TestNG-PoolService-2]utilities.LoggerLoad1)-warning - user not able to loginPlease fill out this field.
[WARN ]2024-01-0702:05:55.936[TestNG-PoolService-4]utilities.LoggerLoad1)-warning - user not able to loginInvalid Username and Password
[WARN ]2024-01-0702:05:55.936[TestNG-PoolService-5]utilities.LoggerLoad1)-warning - user not able to loginInvalid Username and Password
[WARN ]2024-01-0702:05:56.412[TestNG-PoolService-6]utilities.LoggerLoad1)-warning - user not able to loginYou are logged in
[INFO ]2024-01-0702:06:08.119[TestNG-PoolService-6]utilities.LoggerLoad1)-info - user signed out successfully
[WARN ]2024-01-0721:15:57.059[TestNG-PoolService-4]utilities.LoggerLoad1)-warning - user not able to loginInvalid Username and Password
[WARN ]2024-01-0721:15:57.059[TestNG-PoolService-5]utilities.LoggerLoad1)-warning - user not able to loginInvalid Username and Password
[WARN ]2024-01-0721:15:57.059[TestNG-PoolService-6]utilities.LoggerLoad1)-warning - user not able to loginYou are logged in
[INFO ]2024-01-0721:16:24.228[TestNG-PoolService-6]utilities.LoggerLoad1)-info - user signed out successfully
[WARN ]2024-01-0817:41:21.999[TestNG-PoolService-3]utilities.LoggerLoad1)-warning - user not able to loginPlease fill out this field.
[WARN ]2024-01-0817:41:21.999[TestNG-PoolService-2]utilities.LoggerLoad1)-warning - user not able to loginPlease fill out this field.
[WARN ]2024-01-0817:41:22.987[TestNG-PoolService-4]utilities.LoggerLoad1)-warning - user not able to loginInvalid Username and Password
[WARN ]2024-01-0817:41:24.409[TestNG-PoolService-6]utilities.LoggerLoad1)-warning - user not able to loginYou are logged in
[WARN ]2024-01-0817:41:24.859[TestNG-PoolService-5]utilities.LoggerLoad1)-warning - user not able to loginInvalid Username and Password
[INFO ]2024-01-0817:41:32.999[TestNG-PoolService-6]utilities.LoggerLoad1)-info - user signed out successfully
[WARN ]2024-01-0817:47:12.948[TestNG-PoolService-4]utilities.LoggerLoad1)-warning - user not able to loginInvalid Username and Password
[WARN ]2024-01-0817:47:12.956[TestNG-PoolService-5]utilities.LoggerLoad1)-warning - user not able to loginInvalid Username and Password
[WARN ]2024-01-0817:47:13.712[TestNG-PoolService-6]utilities.LoggerLoad1)-warning - user not able to loginYou are logged in
[WARN ]2024-01-0817:47:13.743[TestNG-PoolService-3]utilities.LoggerLoad1)-warning - user not able to loginPlease fill out this field.
[INFO ]2024-01-0817:47:21.639[TestNG-PoolService-6]utilities.LoggerLoad1)-info - user signed out successfully
[WARN ]2024-01-0901:02:31.765[TestNG-PoolService-2]utilities.LoggerLoad1)-warning - user not able to loginPlease fill out this field.
[WARN ]2024-01-0901:02:31.765[TestNG-PoolService-4]utilities.LoggerLoad1)-warning - user not able to loginInvalid Username and Password
[WARN ]2024-01-0901:02:31.766[TestNG-PoolService-3]utilities.LoggerLoad1)-warning - user not able to loginPlease fill out this field.
[WARN ]2024-01-0901:02:32.121[TestNG-PoolService-5]utilities.LoggerLoad1)-warning - user not able to loginInvalid Username and Password
[WARN ]2024-01-0901:02:35.820[TestNG-PoolService-6]utilities.LoggerLoad1)-warning - user not able to loginYou are logged in
[INFO ]2024-01-0901:02:57.926[TestNG-PoolService-6]utilities.LoggerLoad1)-info - user signed out successfully
[WARN ]2024-01-0901:10:00.338[TestNG-PoolService-5]utilities.LoggerLoad1)-warning - user not able to loginInvalid Username and Password
[WARN ]2024-01-0901:10:00.339[TestNG-PoolService-2]utilities.LoggerLoad1)-warning - user not able to loginPlease fill out this field.
[WARN ]2024-01-0901:10:00.340[TestNG-PoolService-3]utilities.LoggerLoad1)-warning - user not able to loginPlease fill out this field.
[WARN ]2024-01-0901:10:00.340[TestNG-PoolService-4]utilities.LoggerLoad1)-warning - user not able to loginInvalid Username and Password
[WARN ]2024-01-0901:10:01.089[TestNG-PoolService-6]utilities.LoggerLoad1)-warning - user not able to loginYou are logged in
[INFO ]2024-01-0901:10:07.052[TestNG-PoolService-6]utilities.LoggerLoad1)-info - user signed out successfully
[WARN ]2024-01-0901:18:29.357[TestNG-PoolService-6]utilities.LoggerLoad1)-warning - user not able to loginYou are logged in
[WARN ]2024-01-0901:18:29.357[TestNG-PoolService-4]utilities.LoggerLoad1)-warning - user not able to loginInvalid Username and Password
[WARN ]2024-01-0901:18:29.683[TestNG-PoolService-5]utilities.LoggerLoad1)-warning - user not able to loginInvalid Username and Password
[WARN ]2024-01-0901:18:31.152[TestNG-PoolService-2]utilities.LoggerLoad1)-warning - user not able to loginPlease fill out this field.
[INFO ]2024-01-0901:18:36.345[TestNG-PoolService-6]utilities.LoggerLoad1)-info - user signed out successfully
[WARN ]2024-01-0901:39:41.130[TestNG-PoolService-2]utilities.LoggerLoad1)-warning - user not able to loginPlease fill out this field.
[WARN ]2024-01-0901:39:41.130[TestNG-PoolService-3]utilities.LoggerLoad1)-warning - user not able to loginPlease fill out this field.
[WARN ]2024-01-0901:39:41.130[TestNG-PoolService-5]utilities.LoggerLoad1)-warning - user not able to loginInvalid Username and Password
[WARN ]2024-01-0901:39:42.257[TestNG-PoolService-4]utilities.LoggerLoad1)-warning - user not able to loginInvalid Username and Password
[WARN ]2024-01-0901:49:01.828[TestNG-PoolService-4]utilities.LoggerLoad1)-warning - user not able to loginInvalid Username and Password
[WARN ]2024-01-0901:49:01.828[TestNG-PoolService-6]utilities.LoggerLoad1)-warning - user not able to loginYou are logged in
[INFO ]2024-01-0901:49:01.839[TestNG-PoolService-6]utilities.LoggerLoad1)-info - user signed out successfully
[WARN ]2024-01-0901:49:01.828[TestNG-PoolService-5]utilities.LoggerLoad1)-warning - user not able to loginInvalid Username and Password
[WARN ]2024-01-0901:49:03.515[TestNG-PoolService-2]utilities.LoggerLoad1)-warning - user not able to loginPlease fill out this field.
[WARN ]2024-01-0901:49:03.760[TestNG-PoolService-3]utilities.LoggerLoad1)-warning - user not able to loginPlease fill out this field.
